A D/aout////
A D/argp////
A D/assert////
A D/bare////
A D/catgets////
A D/conf////
A D/conform////
A D/crypt////
A D/csu////
A D/ctype////
A D/debug////
A D/dirent////
A D/dlfcn////
A D/elf////
A D/gmon////
A D/gnulib////
A D/grp////
A D/hesiod////
A D/hurd////
A D/iconv////
A D/iconvdata////
A D/include////
A D/inet////
A D/intl////
A D/io////
A D/libio////
A D/linuxthreads////
A D/linuxthreads_db////
A D/locale////
A D/localedata////
A D/login////
A D/mach////
A D/malloc////
A D/manual////
A D/math////
A D/misc////
A D/nis////
A D/nscd////
A D/nss////
A D/po////
A D/posix////
A D/pwd////
A D/resolv////
A D/resource////
A D/rpm////
A D/rt////
A D/scripts////
A D/setjmp////
A D/shadow////
A D/signal////
A D/socket////
A D/soft-fp////
A D/stdio////
A D/stdio-common////
A D/stdlib////
A D/streams////
A D/string////
A D/sunrpc////
A D/sysdeps////
A D/sysvipc////
A D/termios////
A D/time////
A D/timezone////
A D/wcsmbs////
A D/wctype////
