A D/64bit////
A D/acer////
A D/acosnat////
A D/adfs////
A D/affs////
A D/amd////
A D/autofs////
A D/autofs4////
A D/baget////
A D/befs////
A D/bfs////
A D/binfmt////
A D/blk////
A D/bsd////
A D/casio////
A D/ciss////
A D/coda////
A D/cpu////
A D/dev////
A D/devfs////
A D/devpts////
A D/efs////
A D/et////
A D/ext2////
A D/ext3////
A D/fat////
A D/hfs////
A D/hnd////
A D/hotplug////
A D/hp////
A D/hpfs////
A D/i2o////
A D/ibm////
A D/inet////
A D/input////
A D/intermezzo////
A D/ip////
A D/iso9660////
A D/jbd////
A D/jffs////
A D/jffs2////
A D/jfs////
A D/kcore////
A D/l7filter////
A D/magic////
A D/md////
A D/minix////
A D/mips////
A D/mips32////
A D/momenco////
A D/msdos////
A D/mtd////
A D/myri////
A D/ncp////
A D/ncpfs////
A D/nec////
A D/net////
A D/netlink////
A D/new////
A D/nfs////
A D/nfsd////
A D/noncoherent////
A D/ntfs////
A D/olivetti////
A D/packet////
A D/partition////
A D/pci////
A D/phone////
A D/ppp////
A D/print////
A D/proc////
A D/qic02////
A D/qnx4fs////
A D/reiserfs////
A D/romfs////
A D/root////
A D/rwsem////
A D/serial////
A D/sgi////
A D/sibyte////
A D/smb////
A D/sni////
A D/squashfs////
A D/syn////
A D/sysv////
A D/toshiba////
A D/udf////
A D/ufs////
A D/umsdos////
A D/unix98////
A D/usb////
A D/vfat////
A D/victor////
A D/video////
A D/vlan////
A D/vtag////
A D/vxfs////
A D/wan////
A D/wl////
A D/zao////
A D/zisofs////
A D/zlib////
