A D/adfs////
A D/affs////
A D/autofs////
A D/autofs4////
A D/befs////
A D/bfs////
A D/coda////
A D/cramfs////
A D/devfs////
A D/devpts////
A D/efs////
A D/ext2////
A D/ext3////
A D/fat////
A D/freevxfs////
A D/hfs////
A D/hpfs////
A D/intermezzo////
A D/isofs////
A D/jbd////
A D/jffs////
A D/jffs2////
A D/jfs////
A D/lockd////
A D/minix////
A D/msdos////
A D/ncpfs////
A D/nfs////
A D/nfsd////
A D/nls////
A D/ntfs////
A D/openpromfs////
A D/partitions////
A D/proc////
A D/qnx4////
A D/ramfs////
A D/reiserfs////
A D/romfs////
A D/smbfs////
A D/squashfs////
A D/sysv////
A D/udf////
A D/ufs////
A D/umsdos////
A D/vfat////
