A D/acorn////
A D/acpi////
A D/atm////
A D/block////
A D/bluetooth////
A D/cdrom////
A D/char////
A D/dio////
A D/fc4////
A D/gsc////
A D/hil////
A D/hotplug////
A D/i2c////
A D/ide////
A D/ieee1394////
A D/input////
A D/isdn////
A D/macintosh////
A D/md////
A D/media////
A D/message////
A D/misc////
A D/mtd////
A D/net////
A D/nubus////
A D/parport////
A D/pci////
A D/pcmcia////
A D/pnp////
A D/s390////
A D/sbus////
A D/scsi////
A D/sgi////
A D/sound////
A D/tc////
A D/telephony////
A D/usb////
A D/video////
A D/zorro////
